<?xml version="1.0" encoding="UTF-8"?>
<testsuites>
  <testsuite name="" tests="49" assertions="83" errors="0" warnings="0" failures="0" skipped="0" time="0.169868">
    <testsuite name="Project Test Suite" tests="49" assertions="83" errors="0" warnings="0" failures="0" skipped="0" time="0.169868">
      <testsuite name="App\BlackJackClass\AdvancedBlackJackTest" file="/home/sebbe/dbwebb-kurser/mvc/me/report/tests/AdvancedBlackJack/AdvancedBlackJackTest.php" tests="20" assertions="50" errors="0" warnings="0" failures="0" skipped="0" time="0.134313">
        <testcase name="testCreateAdvancedBlackJackInstance" class="App\BlackJackClass\AdvancedBlackJackTest" classname="App.BlackJackClass.AdvancedBlackJackTest" file="/home/sebbe/dbwebb-kurser/mvc/me/report/tests/AdvancedBlackJack/AdvancedBlackJackTest.php" line="15" assertions="1" time="0.024212"/>
        <testcase name="testGetPlayers" class="App\BlackJackClass\AdvancedBlackJackTest" classname="App.BlackJackClass.AdvancedBlackJackTest" file="/home/sebbe/dbwebb-kurser/mvc/me/report/tests/AdvancedBlackJack/AdvancedBlackJackTest.php" line="21" assertions="2" time="0.003305"/>
        <testcase name="testGetDealer" class="App\BlackJackClass\AdvancedBlackJackTest" classname="App.BlackJackClass.AdvancedBlackJackTest" file="/home/sebbe/dbwebb-kurser/mvc/me/report/tests/AdvancedBlackJack/AdvancedBlackJackTest.php" line="29" assertions="1" time="0.002464"/>
        <testcase name="testGetDecks" class="App\BlackJackClass\AdvancedBlackJackTest" classname="App.BlackJackClass.AdvancedBlackJackTest" file="/home/sebbe/dbwebb-kurser/mvc/me/report/tests/AdvancedBlackJack/AdvancedBlackJackTest.php" line="36" assertions="2" time="0.002512"/>
        <testcase name="testGetSecondCardDealer" class="App\BlackJackClass\AdvancedBlackJackTest" classname="App.BlackJackClass.AdvancedBlackJackTest" file="/home/sebbe/dbwebb-kurser/mvc/me/report/tests/AdvancedBlackJack/AdvancedBlackJackTest.php" line="44" assertions="1" time="0.002459"/>
        <testcase name="testSetSecondCardDealer" class="App\BlackJackClass\AdvancedBlackJackTest" classname="App.BlackJackClass.AdvancedBlackJackTest" file="/home/sebbe/dbwebb-kurser/mvc/me/report/tests/AdvancedBlackJack/AdvancedBlackJackTest.php" line="51" assertions="2" time="0.003190"/>
        <testcase name="testSetHand" class="App\BlackJackClass\AdvancedBlackJackTest" classname="App.BlackJackClass.AdvancedBlackJackTest" file="/home/sebbe/dbwebb-kurser/mvc/me/report/tests/AdvancedBlackJack/AdvancedBlackJackTest.php" line="60" assertions="2" time="0.002550"/>
        <testcase name="testStartGame" class="App\BlackJackClass\AdvancedBlackJackTest" classname="App.BlackJackClass.AdvancedBlackJackTest" file="/home/sebbe/dbwebb-kurser/mvc/me/report/tests/AdvancedBlackJack/AdvancedBlackJackTest.php" line="70" assertions="7" time="0.008806"/>
        <testcase name="testHit" class="App\BlackJackClass\AdvancedBlackJackTest" classname="App.BlackJackClass.AdvancedBlackJackTest" file="/home/sebbe/dbwebb-kurser/mvc/me/report/tests/AdvancedBlackJack/AdvancedBlackJackTest.php" line="86" assertions="3" time="0.008450"/>
        <testcase name="testStand" class="App\BlackJackClass\AdvancedBlackJackTest" classname="App.BlackJackClass.AdvancedBlackJackTest" file="/home/sebbe/dbwebb-kurser/mvc/me/report/tests/AdvancedBlackJack/AdvancedBlackJackTest.php" line="97" assertions="1" time="0.007757"/>
        <testcase name="testDealerDraw" class="App\BlackJackClass\AdvancedBlackJackTest" classname="App.BlackJackClass.AdvancedBlackJackTest" file="/home/sebbe/dbwebb-kurser/mvc/me/report/tests/AdvancedBlackJack/AdvancedBlackJackTest.php" line="106" assertions="3" time="0.008892"/>
        <testcase name="testCalculateTotalCount" class="App\BlackJackClass\AdvancedBlackJackTest" classname="App.BlackJackClass.AdvancedBlackJackTest" file="/home/sebbe/dbwebb-kurser/mvc/me/report/tests/AdvancedBlackJack/AdvancedBlackJackTest.php" line="127" assertions="2" time="0.006745"/>
        <testcase name="testHasAllPlayersStoodFalse" class="App\BlackJackClass\AdvancedBlackJackTest" classname="App.BlackJackClass.AdvancedBlackJackTest" file="/home/sebbe/dbwebb-kurser/mvc/me/report/tests/AdvancedBlackJack/AdvancedBlackJackTest.php" line="139" assertions="2" time="0.007435"/>
        <testcase name="testHasAllPlayersStoodTrue" class="App\BlackJackClass\AdvancedBlackJackTest" classname="App.BlackJackClass.AdvancedBlackJackTest" file="/home/sebbe/dbwebb-kurser/mvc/me/report/tests/AdvancedBlackJack/AdvancedBlackJackTest.php" line="151" assertions="2" time="0.008251"/>
        <testcase name="testCompareWinnersPlayerBust" class="App\BlackJackClass\AdvancedBlackJackTest" classname="App.BlackJackClass.AdvancedBlackJackTest" file="/home/sebbe/dbwebb-kurser/mvc/me/report/tests/AdvancedBlackJack/AdvancedBlackJackTest.php" line="164" assertions="3" time="0.005418"/>
        <testcase name="testCompareWinnersDealerBust" class="App\BlackJackClass\AdvancedBlackJackTest" classname="App.BlackJackClass.AdvancedBlackJackTest" file="/home/sebbe/dbwebb-kurser/mvc/me/report/tests/AdvancedBlackJack/AdvancedBlackJackTest.php" line="179" assertions="3" time="0.005311"/>
        <testcase name="testcompareWinnersPlayerLowerThanDealer" class="App\BlackJackClass\AdvancedBlackJackTest" classname="App.BlackJackClass.AdvancedBlackJackTest" file="/home/sebbe/dbwebb-kurser/mvc/me/report/tests/AdvancedBlackJack/AdvancedBlackJackTest.php" line="194" assertions="3" time="0.005361"/>
        <testcase name="testCompareWinnersDraw" class="App\BlackJackClass\AdvancedBlackJackTest" classname="App.BlackJackClass.AdvancedBlackJackTest" file="/home/sebbe/dbwebb-kurser/mvc/me/report/tests/AdvancedBlackJack/AdvancedBlackJackTest.php" line="209" assertions="3" time="0.005206"/>
        <testcase name="testResetRound" class="App\BlackJackClass\AdvancedBlackJackTest" classname="App.BlackJackClass.AdvancedBlackJackTest" file="/home/sebbe/dbwebb-kurser/mvc/me/report/tests/AdvancedBlackJack/AdvancedBlackJackTest.php" line="224" assertions="6" time="0.008534"/>
        <testcase name="testHitAndGet21" class="App\BlackJackClass\AdvancedBlackJackTest" classname="App.BlackJackClass.AdvancedBlackJackTest" file="/home/sebbe/dbwebb-kurser/mvc/me/report/tests/AdvancedBlackJack/AdvancedBlackJackTest.php" line="247" assertions="1" time="0.007455"/>
      </testsuite>
      <testsuite name="App\BlackJackClass\BlackJackTest" file="/home/sebbe/dbwebb-kurser/mvc/me/report/tests/BlackJack/BlackJackTest.php" tests="24" assertions="27" errors="0" warnings="0" failures="0" skipped="0" time="0.030185">
        <testcase name="testCreateBlackJack" class="App\BlackJackClass\BlackJackTest" classname="App.BlackJackClass.BlackJackTest" file="/home/sebbe/dbwebb-kurser/mvc/me/report/tests/BlackJack/BlackJackTest.php" line="14" assertions="1" time="0.001199"/>
        <testcase name="testGetPlayerBlackJack" class="App\BlackJackClass\BlackJackTest" classname="App.BlackJackClass.BlackJackTest" file="/home/sebbe/dbwebb-kurser/mvc/me/report/tests/BlackJack/BlackJackTest.php" line="19" assertions="1" time="0.001196"/>
        <testcase name="testGetScorePlayer" class="App\BlackJackClass\BlackJackTest" classname="App.BlackJackClass.BlackJackTest" file="/home/sebbe/dbwebb-kurser/mvc/me/report/tests/BlackJack/BlackJackTest.php" line="25" assertions="1" time="0.001181"/>
        <testcase name="testGetDealerBlackJack" class="App\BlackJackClass\BlackJackTest" classname="App.BlackJackClass.BlackJackTest" file="/home/sebbe/dbwebb-kurser/mvc/me/report/tests/BlackJack/BlackJackTest.php" line="32" assertions="1" time="0.001180"/>
        <testcase name="testGetDeck" class="App\BlackJackClass\BlackJackTest" classname="App.BlackJackClass.BlackJackTest" file="/home/sebbe/dbwebb-kurser/mvc/me/report/tests/BlackJack/BlackJackTest.php" line="38" assertions="1" time="0.001173"/>
        <testcase name="testGetSecondCardDealer" class="App\BlackJackClass\BlackJackTest" classname="App.BlackJackClass.BlackJackTest" file="/home/sebbe/dbwebb-kurser/mvc/me/report/tests/BlackJack/BlackJackTest.php" line="44" assertions="1" time="0.001233"/>
        <testcase name="testStartGame" class="App\BlackJackClass\BlackJackTest" classname="App.BlackJackClass.BlackJackTest" file="/home/sebbe/dbwebb-kurser/mvc/me/report/tests/BlackJack/BlackJackTest.php" line="50" assertions="2" time="0.001232"/>
        <testcase name="testHitPlayer" class="App\BlackJackClass\BlackJackTest" classname="App.BlackJackClass.BlackJackTest" file="/home/sebbe/dbwebb-kurser/mvc/me/report/tests/BlackJack/BlackJackTest.php" line="59" assertions="1" time="0.001283"/>
        <testcase name="testStandDealer" class="App\BlackJackClass\BlackJackTest" classname="App.BlackJackClass.BlackJackTest" file="/home/sebbe/dbwebb-kurser/mvc/me/report/tests/BlackJack/BlackJackTest.php" line="67" assertions="3" time="0.001523"/>
        <testcase name="testRevealSecondCardDealer" class="App\BlackJackClass\BlackJackTest" classname="App.BlackJackClass.BlackJackTest" file="/home/sebbe/dbwebb-kurser/mvc/me/report/tests/BlackJack/BlackJackTest.php" line="76" assertions="1" time="0.001213"/>
        <testcase name="testCompareResults" class="App\BlackJackClass\BlackJackTest" classname="App.BlackJackClass.BlackJackTest" file="/home/sebbe/dbwebb-kurser/mvc/me/report/tests/BlackJack/BlackJackTest.php" line="83" assertions="1" time="0.001289"/>
        <testcase name="testCompareResultsLost" class="App\BlackJackClass\BlackJackTest" classname="App.BlackJackClass.BlackJackTest" file="/home/sebbe/dbwebb-kurser/mvc/me/report/tests/BlackJack/BlackJackTest.php" line="93" assertions="1" time="0.001509"/>
        <testcase name="testCompareResultsWin" class="App\BlackJackClass\BlackJackTest" classname="App.BlackJackClass.BlackJackTest" file="/home/sebbe/dbwebb-kurser/mvc/me/report/tests/BlackJack/BlackJackTest.php" line="104" assertions="1" time="0.001257"/>
        <testcase name="testCompareResultsDraw" class="App\BlackJackClass\BlackJackTest" classname="App.BlackJackClass.BlackJackTest" file="/home/sebbe/dbwebb-kurser/mvc/me/report/tests/BlackJack/BlackJackTest.php" line="115" assertions="1" time="0.001258"/>
        <testcase name="testCompareResultsDealerBust" class="App\BlackJackClass\BlackJackTest" classname="App.BlackJackClass.BlackJackTest" file="/home/sebbe/dbwebb-kurser/mvc/me/report/tests/BlackJack/BlackJackTest.php" line="125" assertions="1" time="0.001235"/>
        <testcase name="testCompareResultsPlayerLost" class="App\BlackJackClass\BlackJackTest" classname="App.BlackJackClass.BlackJackTest" file="/home/sebbe/dbwebb-kurser/mvc/me/report/tests/BlackJack/BlackJackTest.php" line="136" assertions="1" time="0.001234"/>
        <testcase name="testPlayerLoseWithLowerScore" class="App\BlackJackClass\BlackJackTest" classname="App.BlackJackClass.BlackJackTest" file="/home/sebbe/dbwebb-kurser/mvc/me/report/tests/BlackJack/BlackJackTest.php" line="147" assertions="1" time="0.001233"/>
        <testcase name="testCalculateScore" class="App\BlackJackClass\BlackJackTest" classname="App.BlackJackClass.BlackJackTest" file="/home/sebbe/dbwebb-kurser/mvc/me/report/tests/BlackJack/BlackJackTest.php" line="158" assertions="1" time="0.001209"/>
        <testcase name="testCalculateScoreWithExtraAce" class="App\BlackJackClass\BlackJackTest" classname="App.BlackJackClass.BlackJackTest" file="/home/sebbe/dbwebb-kurser/mvc/me/report/tests/BlackJack/BlackJackTest.php" line="164" assertions="1" time="0.001257"/>
        <testcase name="testCalculateScoreEmptyArray" class="App\BlackJackClass\BlackJackTest" classname="App.BlackJackClass.BlackJackTest" file="/home/sebbe/dbwebb-kurser/mvc/me/report/tests/BlackJack/BlackJackTest.php" line="170" assertions="1" time="0.001199"/>
        <testcase name="testPreCheckPlayerWin" class="App\BlackJackClass\BlackJackTest" classname="App.BlackJackClass.BlackJackTest" file="/home/sebbe/dbwebb-kurser/mvc/me/report/tests/BlackJack/BlackJackTest.php" line="176" assertions="1" time="0.001290"/>
        <testcase name="testPreCheckPlayerWinFalse" class="App\BlackJackClass\BlackJackTest" classname="App.BlackJackClass.BlackJackTest" file="/home/sebbe/dbwebb-kurser/mvc/me/report/tests/BlackJack/BlackJackTest.php" line="185" assertions="1" time="0.001262"/>
        <testcase name="testCheckIfAnyWon" class="App\BlackJackClass\BlackJackTest" classname="App.BlackJackClass.BlackJackTest" file="/home/sebbe/dbwebb-kurser/mvc/me/report/tests/BlackJack/BlackJackTest.php" line="194" assertions="1" time="0.001315"/>
        <testcase name="testCheckIfAnyWonFalse" class="App\BlackJackClass\BlackJackTest" classname="App.BlackJackClass.BlackJackTest" file="/home/sebbe/dbwebb-kurser/mvc/me/report/tests/BlackJack/BlackJackTest.php" line="203" assertions="1" time="0.001224"/>
      </testsuite>
      <testsuite name="App\DeckClass\DeckTest" file="/home/sebbe/dbwebb-kurser/mvc/me/report/tests/Deck/DeckTest.php" tests="4" assertions="4" errors="0" warnings="0" failures="0" skipped="0" time="0.004118">
        <testcase name="testCreateDeck" class="App\DeckClass\DeckTest" classname="App.DeckClass.DeckTest" file="/home/sebbe/dbwebb-kurser/mvc/me/report/tests/Deck/DeckTest.php" line="13" assertions="1" time="0.001147"/>
        <testcase name="testCreateDeckWithArray" class="App\DeckClass\DeckTest" classname="App.DeckClass.DeckTest" file="/home/sebbe/dbwebb-kurser/mvc/me/report/tests/Deck/DeckTest.php" line="18" assertions="1" time="0.000690"/>
        <testcase name="testGetDeck" class="App\DeckClass\DeckTest" classname="App.DeckClass.DeckTest" file="/home/sebbe/dbwebb-kurser/mvc/me/report/tests/Deck/DeckTest.php" line="24" assertions="1" time="0.001142"/>
        <testcase name="testSetDeck" class="App\DeckClass\DeckTest" classname="App.DeckClass.DeckTest" file="/home/sebbe/dbwebb-kurser/mvc/me/report/tests/Deck/DeckTest.php" line="30" assertions="1" time="0.001139"/>
      </testsuite>
      <testsuite name="App\Dice\DiceTest" file="/home/sebbe/dbwebb-kurser/mvc/me/report/tests/Dice/DiceTest.php" tests="1" assertions="2" errors="0" warnings="0" failures="0" skipped="0" time="0.001252">
        <testcase name="testCreateDice" class="App\Dice\DiceTest" classname="App.Dice.DiceTest" file="/home/sebbe/dbwebb-kurser/mvc/me/report/tests/Dice/DiceTest.php" line="16" assertions="2" time="0.001252"/>
      </testsuite>
    </testsuite>
  </testsuite>
</testsuites>
