<?xml version="1.0" encoding="UTF-8"?>
<testsuites>
  <testsuite name="" tests="49" assertions="83" errors="0" warnings="0" failures="0" skipped="0" time="0.169309">
    <testsuite name="Project Test Suite" tests="49" assertions="83" errors="0" warnings="0" failures="0" skipped="0" time="0.169309">
      <testsuite name="App\BlackJackClass\AdvancedBlackJackTest" file="/home/sebbe/dbwebb-kurser/mvc/me/report/tests/AdvancedBlackJack/AdvancedBlackJackTest.php" tests="20" assertions="50" errors="0" warnings="0" failures="0" skipped="0" time="0.133406">
        <testcase name="testCreateAdvancedBlackJackInstance" class="App\BlackJackClass\AdvancedBlackJackTest" classname="App.BlackJackClass.AdvancedBlackJackTest" file="/home/sebbe/dbwebb-kurser/mvc/me/report/tests/AdvancedBlackJack/AdvancedBlackJackTest.php" line="15" assertions="1" time="0.023357"/>
        <testcase name="testGetPlayers" class="App\BlackJackClass\AdvancedBlackJackTest" classname="App.BlackJackClass.AdvancedBlackJackTest" file="/home/sebbe/dbwebb-kurser/mvc/me/report/tests/AdvancedBlackJack/AdvancedBlackJackTest.php" line="21" assertions="2" time="0.003316"/>
        <testcase name="testGetDealer" class="App\BlackJackClass\AdvancedBlackJackTest" classname="App.BlackJackClass.AdvancedBlackJackTest" file="/home/sebbe/dbwebb-kurser/mvc/me/report/tests/AdvancedBlackJack/AdvancedBlackJackTest.php" line="29" assertions="1" time="0.002489"/>
        <testcase name="testGetDecks" class="App\BlackJackClass\AdvancedBlackJackTest" classname="App.BlackJackClass.AdvancedBlackJackTest" file="/home/sebbe/dbwebb-kurser/mvc/me/report/tests/AdvancedBlackJack/AdvancedBlackJackTest.php" line="36" assertions="2" time="0.002476"/>
        <testcase name="testGetSecondCardDealer" class="App\BlackJackClass\AdvancedBlackJackTest" classname="App.BlackJackClass.AdvancedBlackJackTest" file="/home/sebbe/dbwebb-kurser/mvc/me/report/tests/AdvancedBlackJack/AdvancedBlackJackTest.php" line="44" assertions="1" time="0.002480"/>
        <testcase name="testSetSecondCardDealer" class="App\BlackJackClass\AdvancedBlackJackTest" classname="App.BlackJackClass.AdvancedBlackJackTest" file="/home/sebbe/dbwebb-kurser/mvc/me/report/tests/AdvancedBlackJack/AdvancedBlackJackTest.php" line="51" assertions="2" time="0.003222"/>
        <testcase name="testSetHand" class="App\BlackJackClass\AdvancedBlackJackTest" classname="App.BlackJackClass.AdvancedBlackJackTest" file="/home/sebbe/dbwebb-kurser/mvc/me/report/tests/AdvancedBlackJack/AdvancedBlackJackTest.php" line="60" assertions="2" time="0.002503"/>
        <testcase name="testStartGame" class="App\BlackJackClass\AdvancedBlackJackTest" classname="App.BlackJackClass.AdvancedBlackJackTest" file="/home/sebbe/dbwebb-kurser/mvc/me/report/tests/AdvancedBlackJack/AdvancedBlackJackTest.php" line="70" assertions="7" time="0.008777"/>
        <testcase name="testHit" class="App\BlackJackClass\AdvancedBlackJackTest" classname="App.BlackJackClass.AdvancedBlackJackTest" file="/home/sebbe/dbwebb-kurser/mvc/me/report/tests/AdvancedBlackJack/AdvancedBlackJackTest.php" line="86" assertions="3" time="0.008223"/>
        <testcase name="testStand" class="App\BlackJackClass\AdvancedBlackJackTest" classname="App.BlackJackClass.AdvancedBlackJackTest" file="/home/sebbe/dbwebb-kurser/mvc/me/report/tests/AdvancedBlackJack/AdvancedBlackJackTest.php" line="98" assertions="1" time="0.007084"/>
        <testcase name="testDealerDraw" class="App\BlackJackClass\AdvancedBlackJackTest" classname="App.BlackJackClass.AdvancedBlackJackTest" file="/home/sebbe/dbwebb-kurser/mvc/me/report/tests/AdvancedBlackJack/AdvancedBlackJackTest.php" line="107" assertions="3" time="0.010499"/>
        <testcase name="testCalculateTotalCount" class="App\BlackJackClass\AdvancedBlackJackTest" classname="App.BlackJackClass.AdvancedBlackJackTest" file="/home/sebbe/dbwebb-kurser/mvc/me/report/tests/AdvancedBlackJack/AdvancedBlackJackTest.php" line="128" assertions="2" time="0.006812"/>
        <testcase name="testHasAllPlayersStoodFalse" class="App\BlackJackClass\AdvancedBlackJackTest" classname="App.BlackJackClass.AdvancedBlackJackTest" file="/home/sebbe/dbwebb-kurser/mvc/me/report/tests/AdvancedBlackJack/AdvancedBlackJackTest.php" line="140" assertions="2" time="0.007372"/>
        <testcase name="testHasAllPlayersStoodTrue" class="App\BlackJackClass\AdvancedBlackJackTest" classname="App.BlackJackClass.AdvancedBlackJackTest" file="/home/sebbe/dbwebb-kurser/mvc/me/report/tests/AdvancedBlackJack/AdvancedBlackJackTest.php" line="153" assertions="2" time="0.008131"/>
        <testcase name="testCompareWinnersPlayerBust" class="App\BlackJackClass\AdvancedBlackJackTest" classname="App.BlackJackClass.AdvancedBlackJackTest" file="/home/sebbe/dbwebb-kurser/mvc/me/report/tests/AdvancedBlackJack/AdvancedBlackJackTest.php" line="166" assertions="3" time="0.005234"/>
        <testcase name="testCompareWinnersDealerBust" class="App\BlackJackClass\AdvancedBlackJackTest" classname="App.BlackJackClass.AdvancedBlackJackTest" file="/home/sebbe/dbwebb-kurser/mvc/me/report/tests/AdvancedBlackJack/AdvancedBlackJackTest.php" line="181" assertions="3" time="0.005378"/>
        <testcase name="testcompareWinnersPlayerLowerThanDealer" class="App\BlackJackClass\AdvancedBlackJackTest" classname="App.BlackJackClass.AdvancedBlackJackTest" file="/home/sebbe/dbwebb-kurser/mvc/me/report/tests/AdvancedBlackJack/AdvancedBlackJackTest.php" line="196" assertions="3" time="0.005357"/>
        <testcase name="testCompareWinnersDraw" class="App\BlackJackClass\AdvancedBlackJackTest" classname="App.BlackJackClass.AdvancedBlackJackTest" file="/home/sebbe/dbwebb-kurser/mvc/me/report/tests/AdvancedBlackJack/AdvancedBlackJackTest.php" line="211" assertions="3" time="0.005252"/>
        <testcase name="testResetRound" class="App\BlackJackClass\AdvancedBlackJackTest" classname="App.BlackJackClass.AdvancedBlackJackTest" file="/home/sebbe/dbwebb-kurser/mvc/me/report/tests/AdvancedBlackJack/AdvancedBlackJackTest.php" line="226" assertions="6" time="0.008563"/>
        <testcase name="testHitAndGet21" class="App\BlackJackClass\AdvancedBlackJackTest" classname="App.BlackJackClass.AdvancedBlackJackTest" file="/home/sebbe/dbwebb-kurser/mvc/me/report/tests/AdvancedBlackJack/AdvancedBlackJackTest.php" line="249" assertions="1" time="0.006880"/>
      </testsuite>
      <testsuite name="App\BlackJackClass\BlackJackTest" file="/home/sebbe/dbwebb-kurser/mvc/me/report/tests/BlackJack/BlackJackTest.php" tests="24" assertions="27" errors="0" warnings="0" failures="0" skipped="0" time="0.030597">
        <testcase name="testCreateBlackJack" class="App\BlackJackClass\BlackJackTest" classname="App.BlackJackClass.BlackJackTest" file="/home/sebbe/dbwebb-kurser/mvc/me/report/tests/BlackJack/BlackJackTest.php" line="14" assertions="1" time="0.001199"/>
        <testcase name="testGetPlayerBlackJack" class="App\BlackJackClass\BlackJackTest" classname="App.BlackJackClass.BlackJackTest" file="/home/sebbe/dbwebb-kurser/mvc/me/report/tests/BlackJack/BlackJackTest.php" line="19" assertions="1" time="0.001186"/>
        <testcase name="testGetScorePlayer" class="App\BlackJackClass\BlackJackTest" classname="App.BlackJackClass.BlackJackTest" file="/home/sebbe/dbwebb-kurser/mvc/me/report/tests/BlackJack/BlackJackTest.php" line="25" assertions="1" time="0.001231"/>
        <testcase name="testGetDealerBlackJack" class="App\BlackJackClass\BlackJackTest" classname="App.BlackJackClass.BlackJackTest" file="/home/sebbe/dbwebb-kurser/mvc/me/report/tests/BlackJack/BlackJackTest.php" line="32" assertions="1" time="0.001196"/>
        <testcase name="testGetDeck" class="App\BlackJackClass\BlackJackTest" classname="App.BlackJackClass.BlackJackTest" file="/home/sebbe/dbwebb-kurser/mvc/me/report/tests/BlackJack/BlackJackTest.php" line="38" assertions="1" time="0.001192"/>
        <testcase name="testGetSecondCardDealer" class="App\BlackJackClass\BlackJackTest" classname="App.BlackJackClass.BlackJackTest" file="/home/sebbe/dbwebb-kurser/mvc/me/report/tests/BlackJack/BlackJackTest.php" line="44" assertions="1" time="0.001183"/>
        <testcase name="testStartGame" class="App\BlackJackClass\BlackJackTest" classname="App.BlackJackClass.BlackJackTest" file="/home/sebbe/dbwebb-kurser/mvc/me/report/tests/BlackJack/BlackJackTest.php" line="50" assertions="2" time="0.001239"/>
        <testcase name="testHitPlayer" class="App\BlackJackClass\BlackJackTest" classname="App.BlackJackClass.BlackJackTest" file="/home/sebbe/dbwebb-kurser/mvc/me/report/tests/BlackJack/BlackJackTest.php" line="59" assertions="1" time="0.001542"/>
        <testcase name="testStandDealer" class="App\BlackJackClass\BlackJackTest" classname="App.BlackJackClass.BlackJackTest" file="/home/sebbe/dbwebb-kurser/mvc/me/report/tests/BlackJack/BlackJackTest.php" line="67" assertions="3" time="0.001548"/>
        <testcase name="testRevealSecondCardDealer" class="App\BlackJackClass\BlackJackTest" classname="App.BlackJackClass.BlackJackTest" file="/home/sebbe/dbwebb-kurser/mvc/me/report/tests/BlackJack/BlackJackTest.php" line="76" assertions="1" time="0.001239"/>
        <testcase name="testCompareResults" class="App\BlackJackClass\BlackJackTest" classname="App.BlackJackClass.BlackJackTest" file="/home/sebbe/dbwebb-kurser/mvc/me/report/tests/BlackJack/BlackJackTest.php" line="83" assertions="1" time="0.001332"/>
        <testcase name="testCompareResultsLost" class="App\BlackJackClass\BlackJackTest" classname="App.BlackJackClass.BlackJackTest" file="/home/sebbe/dbwebb-kurser/mvc/me/report/tests/BlackJack/BlackJackTest.php" line="93" assertions="1" time="0.001240"/>
        <testcase name="testCompareResultsWin" class="App\BlackJackClass\BlackJackTest" classname="App.BlackJackClass.BlackJackTest" file="/home/sebbe/dbwebb-kurser/mvc/me/report/tests/BlackJack/BlackJackTest.php" line="104" assertions="1" time="0.001370"/>
        <testcase name="testCompareResultsDraw" class="App\BlackJackClass\BlackJackTest" classname="App.BlackJackClass.BlackJackTest" file="/home/sebbe/dbwebb-kurser/mvc/me/report/tests/BlackJack/BlackJackTest.php" line="115" assertions="1" time="0.001288"/>
        <testcase name="testCompareResultsDealerBust" class="App\BlackJackClass\BlackJackTest" classname="App.BlackJackClass.BlackJackTest" file="/home/sebbe/dbwebb-kurser/mvc/me/report/tests/BlackJack/BlackJackTest.php" line="125" assertions="1" time="0.001345"/>
        <testcase name="testCompareResultsPlayerLost" class="App\BlackJackClass\BlackJackTest" classname="App.BlackJackClass.BlackJackTest" file="/home/sebbe/dbwebb-kurser/mvc/me/report/tests/BlackJack/BlackJackTest.php" line="136" assertions="1" time="0.001248"/>
        <testcase name="testPlayerLoseWithLowerScore" class="App\BlackJackClass\BlackJackTest" classname="App.BlackJackClass.BlackJackTest" file="/home/sebbe/dbwebb-kurser/mvc/me/report/tests/BlackJack/BlackJackTest.php" line="147" assertions="1" time="0.001242"/>
        <testcase name="testCalculateScore" class="App\BlackJackClass\BlackJackTest" classname="App.BlackJackClass.BlackJackTest" file="/home/sebbe/dbwebb-kurser/mvc/me/report/tests/BlackJack/BlackJackTest.php" line="158" assertions="1" time="0.001217"/>
        <testcase name="testCalculateScoreWithExtraAce" class="App\BlackJackClass\BlackJackTest" classname="App.BlackJackClass.BlackJackTest" file="/home/sebbe/dbwebb-kurser/mvc/me/report/tests/BlackJack/BlackJackTest.php" line="164" assertions="1" time="0.001246"/>
        <testcase name="testCalculateScoreEmptyArray" class="App\BlackJackClass\BlackJackTest" classname="App.BlackJackClass.BlackJackTest" file="/home/sebbe/dbwebb-kurser/mvc/me/report/tests/BlackJack/BlackJackTest.php" line="170" assertions="1" time="0.001208"/>
        <testcase name="testPreCheckPlayerWin" class="App\BlackJackClass\BlackJackTest" classname="App.BlackJackClass.BlackJackTest" file="/home/sebbe/dbwebb-kurser/mvc/me/report/tests/BlackJack/BlackJackTest.php" line="176" assertions="1" time="0.001277"/>
        <testcase name="testPreCheckPlayerWinFalse" class="App\BlackJackClass\BlackJackTest" classname="App.BlackJackClass.BlackJackTest" file="/home/sebbe/dbwebb-kurser/mvc/me/report/tests/BlackJack/BlackJackTest.php" line="185" assertions="1" time="0.001234"/>
        <testcase name="testCheckIfAnyWon" class="App\BlackJackClass\BlackJackTest" classname="App.BlackJackClass.BlackJackTest" file="/home/sebbe/dbwebb-kurser/mvc/me/report/tests/BlackJack/BlackJackTest.php" line="194" assertions="1" time="0.001360"/>
        <testcase name="testCheckIfAnyWonFalse" class="App\BlackJackClass\BlackJackTest" classname="App.BlackJackClass.BlackJackTest" file="/home/sebbe/dbwebb-kurser/mvc/me/report/tests/BlackJack/BlackJackTest.php" line="203" assertions="1" time="0.001237"/>
      </testsuite>
      <testsuite name="App\DeckClass\DeckTest" file="/home/sebbe/dbwebb-kurser/mvc/me/report/tests/Deck/DeckTest.php" tests="4" assertions="4" errors="0" warnings="0" failures="0" skipped="0" time="0.004217">
        <testcase name="testCreateDeck" class="App\DeckClass\DeckTest" classname="App.DeckClass.DeckTest" file="/home/sebbe/dbwebb-kurser/mvc/me/report/tests/Deck/DeckTest.php" line="13" assertions="1" time="0.001182"/>
        <testcase name="testCreateDeckWithArray" class="App\DeckClass\DeckTest" classname="App.DeckClass.DeckTest" file="/home/sebbe/dbwebb-kurser/mvc/me/report/tests/Deck/DeckTest.php" line="18" assertions="1" time="0.000706"/>
        <testcase name="testGetDeck" class="App\DeckClass\DeckTest" classname="App.DeckClass.DeckTest" file="/home/sebbe/dbwebb-kurser/mvc/me/report/tests/Deck/DeckTest.php" line="24" assertions="1" time="0.001157"/>
        <testcase name="testSetDeck" class="App\DeckClass\DeckTest" classname="App.DeckClass.DeckTest" file="/home/sebbe/dbwebb-kurser/mvc/me/report/tests/Deck/DeckTest.php" line="30" assertions="1" time="0.001173"/>
      </testsuite>
      <testsuite name="App\Dice\DiceTest" file="/home/sebbe/dbwebb-kurser/mvc/me/report/tests/Dice/DiceTest.php" tests="1" assertions="2" errors="0" warnings="0" failures="0" skipped="0" time="0.001089">
        <testcase name="testCreateDice" class="App\Dice\DiceTest" classname="App.Dice.DiceTest" file="/home/sebbe/dbwebb-kurser/mvc/me/report/tests/Dice/DiceTest.php" line="16" assertions="2" time="0.001089"/>
      </testsuite>
    </testsuite>
  </testsuite>
</testsuites>
