<?xml version="1.0" encoding="UTF-8"?>
<testsuites>
  <testsuite name="" tests="34" assertions="54" errors="0" warnings="0" failures="0" skipped="0" time="0.579777">
    <testsuite name="Project Test Suite" tests="34" assertions="54" errors="0" warnings="0" failures="0" skipped="0" time="0.579777">
      <testsuite name="App\BlackJackClass\BlackJackTest" file="/home/sebbe/dbwebb-kurser/mvc/me/report/tests/BlackJack/BlackJackTest.php" tests="20" assertions="23" errors="0" warnings="0" failures="0" skipped="0" time="0.032675">
        <testcase name="testCreateBlackJack" class="App\BlackJackClass\BlackJackTest" classname="App.BlackJackClass.BlackJackTest" file="/home/sebbe/dbwebb-kurser/mvc/me/report/tests/BlackJack/BlackJackTest.php" line="14" assertions="1" time="0.015326"/>
        <testcase name="testGetPlayerBlackJack" class="App\BlackJackClass\BlackJackTest" classname="App.BlackJackClass.BlackJackTest" file="/home/sebbe/dbwebb-kurser/mvc/me/report/tests/BlackJack/BlackJackTest.php" line="19" assertions="1" time="0.000726"/>
        <testcase name="testGetScorePlayer" class="App\BlackJackClass\BlackJackTest" classname="App.BlackJackClass.BlackJackTest" file="/home/sebbe/dbwebb-kurser/mvc/me/report/tests/BlackJack/BlackJackTest.php" line="25" assertions="1" time="0.001239"/>
        <testcase name="testGetDealerBlackJack" class="App\BlackJackClass\BlackJackTest" classname="App.BlackJackClass.BlackJackTest" file="/home/sebbe/dbwebb-kurser/mvc/me/report/tests/BlackJack/BlackJackTest.php" line="32" assertions="1" time="0.000706"/>
        <testcase name="testGetDeck" class="App\BlackJackClass\BlackJackTest" classname="App.BlackJackClass.BlackJackTest" file="/home/sebbe/dbwebb-kurser/mvc/me/report/tests/BlackJack/BlackJackTest.php" line="38" assertions="1" time="0.000711"/>
        <testcase name="testGetSecondCardDealer" class="App\BlackJackClass\BlackJackTest" classname="App.BlackJackClass.BlackJackTest" file="/home/sebbe/dbwebb-kurser/mvc/me/report/tests/BlackJack/BlackJackTest.php" line="44" assertions="1" time="0.000710"/>
        <testcase name="testStartGame" class="App\BlackJackClass\BlackJackTest" classname="App.BlackJackClass.BlackJackTest" file="/home/sebbe/dbwebb-kurser/mvc/me/report/tests/BlackJack/BlackJackTest.php" line="50" assertions="2" time="0.000754"/>
        <testcase name="testHitPlayer" class="App\BlackJackClass\BlackJackTest" classname="App.BlackJackClass.BlackJackTest" file="/home/sebbe/dbwebb-kurser/mvc/me/report/tests/BlackJack/BlackJackTest.php" line="59" assertions="1" time="0.000786"/>
        <testcase name="testStandDealer" class="App\BlackJackClass\BlackJackTest" classname="App.BlackJackClass.BlackJackTest" file="/home/sebbe/dbwebb-kurser/mvc/me/report/tests/BlackJack/BlackJackTest.php" line="67" assertions="3" time="0.003365"/>
        <testcase name="testRevealSecondCardDealer" class="App\BlackJackClass\BlackJackTest" classname="App.BlackJackClass.BlackJackTest" file="/home/sebbe/dbwebb-kurser/mvc/me/report/tests/BlackJack/BlackJackTest.php" line="76" assertions="1" time="0.000744"/>
        <testcase name="testCompareResults" class="App\BlackJackClass\BlackJackTest" classname="App.BlackJackClass.BlackJackTest" file="/home/sebbe/dbwebb-kurser/mvc/me/report/tests/BlackJack/BlackJackTest.php" line="83" assertions="1" time="0.000817"/>
        <testcase name="testCompareResultsLost" class="App\BlackJackClass\BlackJackTest" classname="App.BlackJackClass.BlackJackTest" file="/home/sebbe/dbwebb-kurser/mvc/me/report/tests/BlackJack/BlackJackTest.php" line="93" assertions="1" time="0.000752"/>
        <testcase name="testCompareResultsWin" class="App\BlackJackClass\BlackJackTest" classname="App.BlackJackClass.BlackJackTest" file="/home/sebbe/dbwebb-kurser/mvc/me/report/tests/BlackJack/BlackJackTest.php" line="104" assertions="1" time="0.000752"/>
        <testcase name="testCompareResultsDraw" class="App\BlackJackClass\BlackJackTest" classname="App.BlackJackClass.BlackJackTest" file="/home/sebbe/dbwebb-kurser/mvc/me/report/tests/BlackJack/BlackJackTest.php" line="115" assertions="1" time="0.000752"/>
        <testcase name="testCompareResultsDealerBust" class="App\BlackJackClass\BlackJackTest" classname="App.BlackJackClass.BlackJackTest" file="/home/sebbe/dbwebb-kurser/mvc/me/report/tests/BlackJack/BlackJackTest.php" line="125" assertions="1" time="0.000751"/>
        <testcase name="testCompareResultsPlayerLost" class="App\BlackJackClass\BlackJackTest" classname="App.BlackJackClass.BlackJackTest" file="/home/sebbe/dbwebb-kurser/mvc/me/report/tests/BlackJack/BlackJackTest.php" line="136" assertions="1" time="0.000804"/>
        <testcase name="testPlayerLoseWithLowerScore" class="App\BlackJackClass\BlackJackTest" classname="App.BlackJackClass.BlackJackTest" file="/home/sebbe/dbwebb-kurser/mvc/me/report/tests/BlackJack/BlackJackTest.php" line="147" assertions="1" time="0.000770"/>
        <testcase name="testCalculateScore" class="App\BlackJackClass\BlackJackTest" classname="App.BlackJackClass.BlackJackTest" file="/home/sebbe/dbwebb-kurser/mvc/me/report/tests/BlackJack/BlackJackTest.php" line="158" assertions="1" time="0.000740"/>
        <testcase name="testCalculateScoreWithExtraAce" class="App\BlackJackClass\BlackJackTest" classname="App.BlackJackClass.BlackJackTest" file="/home/sebbe/dbwebb-kurser/mvc/me/report/tests/BlackJack/BlackJackTest.php" line="164" assertions="1" time="0.000740"/>
        <testcase name="testCalculateScoreEmptyArray" class="App\BlackJackClass\BlackJackTest" classname="App.BlackJackClass.BlackJackTest" file="/home/sebbe/dbwebb-kurser/mvc/me/report/tests/BlackJack/BlackJackTest.php" line="170" assertions="1" time="0.000729"/>
      </testsuite>
      <testsuite name="App\Controller\CardControllerTest" file="/home/sebbe/dbwebb-kurser/mvc/me/report/tests/Controller/CardControllerTest.php" tests="4" assertions="7" errors="0" warnings="0" failures="0" skipped="0" time="0.376373">
        <testcase name="testHolderPage" class="App\Controller\CardControllerTest" classname="App.Controller.CardControllerTest" file="/home/sebbe/dbwebb-kurser/mvc/me/report/tests/Controller/CardControllerTest.php" line="12" assertions="4" time="0.286812"/>
        <testcase name="testRenderDeck" class="App\Controller\CardControllerTest" classname="App.Controller.CardControllerTest" file="/home/sebbe/dbwebb-kurser/mvc/me/report/tests/Controller/CardControllerTest.php" line="24" assertions="1" time="0.033832"/>
        <testcase name="testShuffleCards" class="App\Controller\CardControllerTest" classname="App.Controller.CardControllerTest" file="/home/sebbe/dbwebb-kurser/mvc/me/report/tests/Controller/CardControllerTest.php" line="34" assertions="1" time="0.032532"/>
        <testcase name="testDraw" class="App\Controller\CardControllerTest" classname="App.Controller.CardControllerTest" file="/home/sebbe/dbwebb-kurser/mvc/me/report/tests/Controller/CardControllerTest.php" line="44" assertions="1" time="0.023196"/>
      </testsuite>
      <testsuite name="App\Controller\LibraryControllerTest" file="/home/sebbe/dbwebb-kurser/mvc/me/report/tests/Controller/LibraryControllerTest.php" tests="5" assertions="18" errors="0" warnings="0" failures="0" skipped="0" time="0.165554">
        <testcase name="testLibraryIndex" class="App\Controller\LibraryControllerTest" classname="App.Controller.LibraryControllerTest" file="/home/sebbe/dbwebb-kurser/mvc/me/report/tests/Controller/LibraryControllerTest.php" line="10" assertions="3" time="0.021608"/>
        <testcase name="testAddBook" class="App\Controller\LibraryControllerTest" classname="App.Controller.LibraryControllerTest" file="/home/sebbe/dbwebb-kurser/mvc/me/report/tests/Controller/LibraryControllerTest.php" line="21" assertions="2" time="0.016700"/>
        <testcase name="testShowBooks" class="App\Controller\LibraryControllerTest" classname="App.Controller.LibraryControllerTest" file="/home/sebbe/dbwebb-kurser/mvc/me/report/tests/Controller/LibraryControllerTest.php" line="31" assertions="5" time="0.085940"/>
        <testcase name="testShowSingleBook" class="App\Controller\LibraryControllerTest" classname="App.Controller.LibraryControllerTest" file="/home/sebbe/dbwebb-kurser/mvc/me/report/tests/Controller/LibraryControllerTest.php" line="44" assertions="5" time="0.021412"/>
        <testcase name="testEditBook" class="App\Controller\LibraryControllerTest" classname="App.Controller.LibraryControllerTest" file="/home/sebbe/dbwebb-kurser/mvc/me/report/tests/Controller/LibraryControllerTest.php" line="57" assertions="3" time="0.019894"/>
      </testsuite>
      <testsuite name="App\DeckClass\DeckTest" file="/home/sebbe/dbwebb-kurser/mvc/me/report/tests/Deck/DeckTest.php" tests="4" assertions="4" errors="0" warnings="0" failures="0" skipped="0" time="0.003130">
        <testcase name="testCreateDeck" class="App\DeckClass\DeckTest" classname="App.DeckClass.DeckTest" file="/home/sebbe/dbwebb-kurser/mvc/me/report/tests/Deck/DeckTest.php" line="13" assertions="1" time="0.000999"/>
        <testcase name="testCreateDeckWithArray" class="App\DeckClass\DeckTest" classname="App.DeckClass.DeckTest" file="/home/sebbe/dbwebb-kurser/mvc/me/report/tests/Deck/DeckTest.php" line="18" assertions="1" time="0.000520"/>
        <testcase name="testGetDeck" class="App\DeckClass\DeckTest" classname="App.DeckClass.DeckTest" file="/home/sebbe/dbwebb-kurser/mvc/me/report/tests/Deck/DeckTest.php" line="24" assertions="1" time="0.000818"/>
        <testcase name="testSetDeck" class="App\DeckClass\DeckTest" classname="App.DeckClass.DeckTest" file="/home/sebbe/dbwebb-kurser/mvc/me/report/tests/Deck/DeckTest.php" line="30" assertions="1" time="0.000793"/>
      </testsuite>
      <testsuite name="App\Dice\DiceTest" file="/home/sebbe/dbwebb-kurser/mvc/me/report/tests/Dice/DiceTest.php" tests="1" assertions="2" errors="0" warnings="0" failures="0" skipped="0" time="0.002046">
        <testcase name="testCreateDice" class="App\Dice\DiceTest" classname="App.Dice.DiceTest" file="/home/sebbe/dbwebb-kurser/mvc/me/report/tests/Dice/DiceTest.php" line="16" assertions="2" time="0.002046"/>
      </testsuite>
    </testsuite>
  </testsuite>
</testsuites>
