<?xml version="1.0" encoding="UTF-8"?>
<testsuites>
  <testsuite name="" tests="29" assertions="33" errors="0" warnings="0" failures="0" skipped="0" time="0.038168">
    <testsuite name="Project Test Suite" tests="29" assertions="33" errors="0" warnings="0" failures="0" skipped="0" time="0.038168">
      <testsuite name="App\BlackJackClass\BlackJackTest" file="/home/sebbe/dbwebb-kurser/mvc/me/report/tests/BlackJack/BlackJackTest.php" tests="24" assertions="27" errors="0" warnings="0" failures="0" skipped="0" time="0.031946">
        <testcase name="testCreateBlackJack" class="App\BlackJackClass\BlackJackTest" classname="App.BlackJackClass.BlackJackTest" file="/home/sebbe/dbwebb-kurser/mvc/me/report/tests/BlackJack/BlackJackTest.php" line="14" assertions="1" time="0.010159"/>
        <testcase name="testGetPlayerBlackJack" class="App\BlackJackClass\BlackJackTest" classname="App.BlackJackClass.BlackJackTest" file="/home/sebbe/dbwebb-kurser/mvc/me/report/tests/BlackJack/BlackJackTest.php" line="19" assertions="1" time="0.000738"/>
        <testcase name="testGetScorePlayer" class="App\BlackJackClass\BlackJackTest" classname="App.BlackJackClass.BlackJackTest" file="/home/sebbe/dbwebb-kurser/mvc/me/report/tests/BlackJack/BlackJackTest.php" line="25" assertions="1" time="0.001200"/>
        <testcase name="testGetDealerBlackJack" class="App\BlackJackClass\BlackJackTest" classname="App.BlackJackClass.BlackJackTest" file="/home/sebbe/dbwebb-kurser/mvc/me/report/tests/BlackJack/BlackJackTest.php" line="32" assertions="1" time="0.000721"/>
        <testcase name="testGetDeck" class="App\BlackJackClass\BlackJackTest" classname="App.BlackJackClass.BlackJackTest" file="/home/sebbe/dbwebb-kurser/mvc/me/report/tests/BlackJack/BlackJackTest.php" line="38" assertions="1" time="0.000704"/>
        <testcase name="testGetSecondCardDealer" class="App\BlackJackClass\BlackJackTest" classname="App.BlackJackClass.BlackJackTest" file="/home/sebbe/dbwebb-kurser/mvc/me/report/tests/BlackJack/BlackJackTest.php" line="44" assertions="1" time="0.000710"/>
        <testcase name="testStartGame" class="App\BlackJackClass\BlackJackTest" classname="App.BlackJackClass.BlackJackTest" file="/home/sebbe/dbwebb-kurser/mvc/me/report/tests/BlackJack/BlackJackTest.php" line="50" assertions="2" time="0.000758"/>
        <testcase name="testHitPlayer" class="App\BlackJackClass\BlackJackTest" classname="App.BlackJackClass.BlackJackTest" file="/home/sebbe/dbwebb-kurser/mvc/me/report/tests/BlackJack/BlackJackTest.php" line="59" assertions="1" time="0.000781"/>
        <testcase name="testStandDealer" class="App\BlackJackClass\BlackJackTest" classname="App.BlackJackClass.BlackJackTest" file="/home/sebbe/dbwebb-kurser/mvc/me/report/tests/BlackJack/BlackJackTest.php" line="67" assertions="3" time="0.003359"/>
        <testcase name="testRevealSecondCardDealer" class="App\BlackJackClass\BlackJackTest" classname="App.BlackJackClass.BlackJackTest" file="/home/sebbe/dbwebb-kurser/mvc/me/report/tests/BlackJack/BlackJackTest.php" line="76" assertions="1" time="0.000766"/>
        <testcase name="testCompareResults" class="App\BlackJackClass\BlackJackTest" classname="App.BlackJackClass.BlackJackTest" file="/home/sebbe/dbwebb-kurser/mvc/me/report/tests/BlackJack/BlackJackTest.php" line="83" assertions="1" time="0.000849"/>
        <testcase name="testCompareResultsLost" class="App\BlackJackClass\BlackJackTest" classname="App.BlackJackClass.BlackJackTest" file="/home/sebbe/dbwebb-kurser/mvc/me/report/tests/BlackJack/BlackJackTest.php" line="93" assertions="1" time="0.000755"/>
        <testcase name="testCompareResultsWin" class="App\BlackJackClass\BlackJackTest" classname="App.BlackJackClass.BlackJackTest" file="/home/sebbe/dbwebb-kurser/mvc/me/report/tests/BlackJack/BlackJackTest.php" line="104" assertions="1" time="0.000766"/>
        <testcase name="testCompareResultsDraw" class="App\BlackJackClass\BlackJackTest" classname="App.BlackJackClass.BlackJackTest" file="/home/sebbe/dbwebb-kurser/mvc/me/report/tests/BlackJack/BlackJackTest.php" line="115" assertions="1" time="0.000749"/>
        <testcase name="testCompareResultsDealerBust" class="App\BlackJackClass\BlackJackTest" classname="App.BlackJackClass.BlackJackTest" file="/home/sebbe/dbwebb-kurser/mvc/me/report/tests/BlackJack/BlackJackTest.php" line="125" assertions="1" time="0.000759"/>
        <testcase name="testCompareResultsPlayerLost" class="App\BlackJackClass\BlackJackTest" classname="App.BlackJackClass.BlackJackTest" file="/home/sebbe/dbwebb-kurser/mvc/me/report/tests/BlackJack/BlackJackTest.php" line="136" assertions="1" time="0.000771"/>
        <testcase name="testPlayerLoseWithLowerScore" class="App\BlackJackClass\BlackJackTest" classname="App.BlackJackClass.BlackJackTest" file="/home/sebbe/dbwebb-kurser/mvc/me/report/tests/BlackJack/BlackJackTest.php" line="147" assertions="1" time="0.000756"/>
        <testcase name="testCalculateScore" class="App\BlackJackClass\BlackJackTest" classname="App.BlackJackClass.BlackJackTest" file="/home/sebbe/dbwebb-kurser/mvc/me/report/tests/BlackJack/BlackJackTest.php" line="158" assertions="1" time="0.000736"/>
        <testcase name="testCalculateScoreWithExtraAce" class="App\BlackJackClass\BlackJackTest" classname="App.BlackJackClass.BlackJackTest" file="/home/sebbe/dbwebb-kurser/mvc/me/report/tests/BlackJack/BlackJackTest.php" line="164" assertions="1" time="0.000745"/>
        <testcase name="testCalculateScoreEmptyArray" class="App\BlackJackClass\BlackJackTest" classname="App.BlackJackClass.BlackJackTest" file="/home/sebbe/dbwebb-kurser/mvc/me/report/tests/BlackJack/BlackJackTest.php" line="170" assertions="1" time="0.000728"/>
        <testcase name="testPreCheckPlayerWin" class="App\BlackJackClass\BlackJackTest" classname="App.BlackJackClass.BlackJackTest" file="/home/sebbe/dbwebb-kurser/mvc/me/report/tests/BlackJack/BlackJackTest.php" line="176" assertions="1" time="0.001722"/>
        <testcase name="testPreCheckPlayerWinFalse" class="App\BlackJackClass\BlackJackTest" classname="App.BlackJackClass.BlackJackTest" file="/home/sebbe/dbwebb-kurser/mvc/me/report/tests/BlackJack/BlackJackTest.php" line="185" assertions="1" time="0.001110"/>
        <testcase name="testCheckIfAnyWon" class="App\BlackJackClass\BlackJackTest" classname="App.BlackJackClass.BlackJackTest" file="/home/sebbe/dbwebb-kurser/mvc/me/report/tests/BlackJack/BlackJackTest.php" line="194" assertions="1" time="0.000847"/>
        <testcase name="testCheckIfAnyWonFalse" class="App\BlackJackClass\BlackJackTest" classname="App.BlackJackClass.BlackJackTest" file="/home/sebbe/dbwebb-kurser/mvc/me/report/tests/BlackJack/BlackJackTest.php" line="203" assertions="1" time="0.000755"/>
      </testsuite>
      <testsuite name="App\DeckClass\DeckTest" file="/home/sebbe/dbwebb-kurser/mvc/me/report/tests/Deck/DeckTest.php" tests="4" assertions="4" errors="0" warnings="0" failures="0" skipped="0" time="0.004356">
        <testcase name="testCreateDeck" class="App\DeckClass\DeckTest" classname="App.DeckClass.DeckTest" file="/home/sebbe/dbwebb-kurser/mvc/me/report/tests/Deck/DeckTest.php" line="13" assertions="1" time="0.001576"/>
        <testcase name="testCreateDeckWithArray" class="App\DeckClass\DeckTest" classname="App.DeckClass.DeckTest" file="/home/sebbe/dbwebb-kurser/mvc/me/report/tests/Deck/DeckTest.php" line="18" assertions="1" time="0.000829"/>
        <testcase name="testGetDeck" class="App\DeckClass\DeckTest" classname="App.DeckClass.DeckTest" file="/home/sebbe/dbwebb-kurser/mvc/me/report/tests/Deck/DeckTest.php" line="24" assertions="1" time="0.001217"/>
        <testcase name="testSetDeck" class="App\DeckClass\DeckTest" classname="App.DeckClass.DeckTest" file="/home/sebbe/dbwebb-kurser/mvc/me/report/tests/Deck/DeckTest.php" line="30" assertions="1" time="0.000733"/>
      </testsuite>
      <testsuite name="App\Dice\DiceTest" file="/home/sebbe/dbwebb-kurser/mvc/me/report/tests/Dice/DiceTest.php" tests="1" assertions="2" errors="0" warnings="0" failures="0" skipped="0" time="0.001867">
        <testcase name="testCreateDice" class="App\Dice\DiceTest" classname="App.Dice.DiceTest" file="/home/sebbe/dbwebb-kurser/mvc/me/report/tests/Dice/DiceTest.php" line="16" assertions="2" time="0.001867"/>
      </testsuite>
    </testsuite>
  </testsuite>
</testsuites>
