<?xml version="1.0" encoding="UTF-8"?>
<testsuites>
  <testsuite name="" tests="49" assertions="83" errors="0" warnings="0" failures="0" skipped="0" time="0.200554">
    <testsuite name="Project Test Suite" tests="49" assertions="83" errors="0" warnings="0" failures="0" skipped="0" time="0.200554">
      <testsuite name="App\BlackJackClass\AdvancedBlackJackTest" file="/home/sebbe/dbwebb-kurser/mvc/me/report/tests/AdvancedBlackJack/AdvancedBlackJackTest.php" tests="20" assertions="50" errors="0" warnings="0" failures="0" skipped="0" time="0.103431">
        <testcase name="testCreateAdvancedBlackJackInstance" class="App\BlackJackClass\AdvancedBlackJackTest" classname="App.BlackJackClass.AdvancedBlackJackTest" file="/home/sebbe/dbwebb-kurser/mvc/me/report/tests/AdvancedBlackJack/AdvancedBlackJackTest.php" line="15" assertions="1" time="0.020118"/>
        <testcase name="testGetPlayers" class="App\BlackJackClass\AdvancedBlackJackTest" classname="App.BlackJackClass.AdvancedBlackJackTest" file="/home/sebbe/dbwebb-kurser/mvc/me/report/tests/AdvancedBlackJack/AdvancedBlackJackTest.php" line="21" assertions="2" time="0.001992"/>
        <testcase name="testGetDealer" class="App\BlackJackClass\AdvancedBlackJackTest" classname="App.BlackJackClass.AdvancedBlackJackTest" file="/home/sebbe/dbwebb-kurser/mvc/me/report/tests/AdvancedBlackJack/AdvancedBlackJackTest.php" line="29" assertions="1" time="0.001157"/>
        <testcase name="testGetDecks" class="App\BlackJackClass\AdvancedBlackJackTest" classname="App.BlackJackClass.AdvancedBlackJackTest" file="/home/sebbe/dbwebb-kurser/mvc/me/report/tests/AdvancedBlackJack/AdvancedBlackJackTest.php" line="36" assertions="2" time="0.001165"/>
        <testcase name="testGetSecondCardDealer" class="App\BlackJackClass\AdvancedBlackJackTest" classname="App.BlackJackClass.AdvancedBlackJackTest" file="/home/sebbe/dbwebb-kurser/mvc/me/report/tests/AdvancedBlackJack/AdvancedBlackJackTest.php" line="44" assertions="1" time="0.001185"/>
        <testcase name="testSetSecondCardDealer" class="App\BlackJackClass\AdvancedBlackJackTest" classname="App.BlackJackClass.AdvancedBlackJackTest" file="/home/sebbe/dbwebb-kurser/mvc/me/report/tests/AdvancedBlackJack/AdvancedBlackJackTest.php" line="51" assertions="2" time="0.001923"/>
        <testcase name="testSetHand" class="App\BlackJackClass\AdvancedBlackJackTest" classname="App.BlackJackClass.AdvancedBlackJackTest" file="/home/sebbe/dbwebb-kurser/mvc/me/report/tests/AdvancedBlackJack/AdvancedBlackJackTest.php" line="60" assertions="2" time="0.001189"/>
        <testcase name="testStartGame" class="App\BlackJackClass\AdvancedBlackJackTest" classname="App.BlackJackClass.AdvancedBlackJackTest" file="/home/sebbe/dbwebb-kurser/mvc/me/report/tests/AdvancedBlackJack/AdvancedBlackJackTest.php" line="70" assertions="7" time="0.008356"/>
        <testcase name="testHit" class="App\BlackJackClass\AdvancedBlackJackTest" classname="App.BlackJackClass.AdvancedBlackJackTest" file="/home/sebbe/dbwebb-kurser/mvc/me/report/tests/AdvancedBlackJack/AdvancedBlackJackTest.php" line="86" assertions="3" time="0.006798"/>
        <testcase name="testStand" class="App\BlackJackClass\AdvancedBlackJackTest" classname="App.BlackJackClass.AdvancedBlackJackTest" file="/home/sebbe/dbwebb-kurser/mvc/me/report/tests/AdvancedBlackJack/AdvancedBlackJackTest.php" line="97" assertions="1" time="0.005756"/>
        <testcase name="testDealerDraw" class="App\BlackJackClass\AdvancedBlackJackTest" classname="App.BlackJackClass.AdvancedBlackJackTest" file="/home/sebbe/dbwebb-kurser/mvc/me/report/tests/AdvancedBlackJack/AdvancedBlackJackTest.php" line="106" assertions="3" time="0.006641"/>
        <testcase name="testCalculateTotalCount" class="App\BlackJackClass\AdvancedBlackJackTest" classname="App.BlackJackClass.AdvancedBlackJackTest" file="/home/sebbe/dbwebb-kurser/mvc/me/report/tests/AdvancedBlackJack/AdvancedBlackJackTest.php" line="127" assertions="2" time="0.005173"/>
        <testcase name="testHasAllPlayersStoodFalse" class="App\BlackJackClass\AdvancedBlackJackTest" classname="App.BlackJackClass.AdvancedBlackJackTest" file="/home/sebbe/dbwebb-kurser/mvc/me/report/tests/AdvancedBlackJack/AdvancedBlackJackTest.php" line="139" assertions="2" time="0.005913"/>
        <testcase name="testHasAllPlayersStoodTrue" class="App\BlackJackClass\AdvancedBlackJackTest" classname="App.BlackJackClass.AdvancedBlackJackTest" file="/home/sebbe/dbwebb-kurser/mvc/me/report/tests/AdvancedBlackJack/AdvancedBlackJackTest.php" line="151" assertions="2" time="0.007618"/>
        <testcase name="testCompareWinnersPlayerBust" class="App\BlackJackClass\AdvancedBlackJackTest" classname="App.BlackJackClass.AdvancedBlackJackTest" file="/home/sebbe/dbwebb-kurser/mvc/me/report/tests/AdvancedBlackJack/AdvancedBlackJackTest.php" line="164" assertions="3" time="0.004098"/>
        <testcase name="testCompareWinnersDealerBust" class="App\BlackJackClass\AdvancedBlackJackTest" classname="App.BlackJackClass.AdvancedBlackJackTest" file="/home/sebbe/dbwebb-kurser/mvc/me/report/tests/AdvancedBlackJack/AdvancedBlackJackTest.php" line="179" assertions="3" time="0.003997"/>
        <testcase name="testcompareWinnersPlayerLowerThanDealer" class="App\BlackJackClass\AdvancedBlackJackTest" classname="App.BlackJackClass.AdvancedBlackJackTest" file="/home/sebbe/dbwebb-kurser/mvc/me/report/tests/AdvancedBlackJack/AdvancedBlackJackTest.php" line="194" assertions="3" time="0.003988"/>
        <testcase name="testCompareWinnersDraw" class="App\BlackJackClass\AdvancedBlackJackTest" classname="App.BlackJackClass.AdvancedBlackJackTest" file="/home/sebbe/dbwebb-kurser/mvc/me/report/tests/AdvancedBlackJack/AdvancedBlackJackTest.php" line="209" assertions="3" time="0.003925"/>
        <testcase name="testResetRound" class="App\BlackJackClass\AdvancedBlackJackTest" classname="App.BlackJackClass.AdvancedBlackJackTest" file="/home/sebbe/dbwebb-kurser/mvc/me/report/tests/AdvancedBlackJack/AdvancedBlackJackTest.php" line="224" assertions="6" time="0.007240"/>
        <testcase name="testHitAndGet21" class="App\BlackJackClass\AdvancedBlackJackTest" classname="App.BlackJackClass.AdvancedBlackJackTest" file="/home/sebbe/dbwebb-kurser/mvc/me/report/tests/AdvancedBlackJack/AdvancedBlackJackTest.php" line="247" assertions="1" time="0.005198"/>
      </testsuite>
      <testsuite name="App\BlackJackClass\BlackJackTest" file="/home/sebbe/dbwebb-kurser/mvc/me/report/tests/BlackJack/BlackJackTest.php" tests="24" assertions="27" errors="0" warnings="0" failures="0" skipped="0" time="0.030483">
        <testcase name="testCreateBlackJack" class="App\BlackJackClass\BlackJackTest" classname="App.BlackJackClass.BlackJackTest" file="/home/sebbe/dbwebb-kurser/mvc/me/report/tests/BlackJack/BlackJackTest.php" line="14" assertions="1" time="0.001177"/>
        <testcase name="testGetPlayerBlackJack" class="App\BlackJackClass\BlackJackTest" classname="App.BlackJackClass.BlackJackTest" file="/home/sebbe/dbwebb-kurser/mvc/me/report/tests/BlackJack/BlackJackTest.php" line="19" assertions="1" time="0.001398"/>
        <testcase name="testGetScorePlayer" class="App\BlackJackClass\BlackJackTest" classname="App.BlackJackClass.BlackJackTest" file="/home/sebbe/dbwebb-kurser/mvc/me/report/tests/BlackJack/BlackJackTest.php" line="25" assertions="1" time="0.001238"/>
        <testcase name="testGetDealerBlackJack" class="App\BlackJackClass\BlackJackTest" classname="App.BlackJackClass.BlackJackTest" file="/home/sebbe/dbwebb-kurser/mvc/me/report/tests/BlackJack/BlackJackTest.php" line="32" assertions="1" time="0.001277"/>
        <testcase name="testGetDeck" class="App\BlackJackClass\BlackJackTest" classname="App.BlackJackClass.BlackJackTest" file="/home/sebbe/dbwebb-kurser/mvc/me/report/tests/BlackJack/BlackJackTest.php" line="38" assertions="1" time="0.001210"/>
        <testcase name="testGetSecondCardDealer" class="App\BlackJackClass\BlackJackTest" classname="App.BlackJackClass.BlackJackTest" file="/home/sebbe/dbwebb-kurser/mvc/me/report/tests/BlackJack/BlackJackTest.php" line="44" assertions="1" time="0.001186"/>
        <testcase name="testStartGame" class="App\BlackJackClass\BlackJackTest" classname="App.BlackJackClass.BlackJackTest" file="/home/sebbe/dbwebb-kurser/mvc/me/report/tests/BlackJack/BlackJackTest.php" line="50" assertions="2" time="0.001239"/>
        <testcase name="testHitPlayer" class="App\BlackJackClass\BlackJackTest" classname="App.BlackJackClass.BlackJackTest" file="/home/sebbe/dbwebb-kurser/mvc/me/report/tests/BlackJack/BlackJackTest.php" line="59" assertions="1" time="0.001329"/>
        <testcase name="testStandDealer" class="App\BlackJackClass\BlackJackTest" classname="App.BlackJackClass.BlackJackTest" file="/home/sebbe/dbwebb-kurser/mvc/me/report/tests/BlackJack/BlackJackTest.php" line="67" assertions="3" time="0.001549"/>
        <testcase name="testRevealSecondCardDealer" class="App\BlackJackClass\BlackJackTest" classname="App.BlackJackClass.BlackJackTest" file="/home/sebbe/dbwebb-kurser/mvc/me/report/tests/BlackJack/BlackJackTest.php" line="76" assertions="1" time="0.001203"/>
        <testcase name="testCompareResults" class="App\BlackJackClass\BlackJackTest" classname="App.BlackJackClass.BlackJackTest" file="/home/sebbe/dbwebb-kurser/mvc/me/report/tests/BlackJack/BlackJackTest.php" line="83" assertions="1" time="0.001292"/>
        <testcase name="testCompareResultsLost" class="App\BlackJackClass\BlackJackTest" classname="App.BlackJackClass.BlackJackTest" file="/home/sebbe/dbwebb-kurser/mvc/me/report/tests/BlackJack/BlackJackTest.php" line="93" assertions="1" time="0.001234"/>
        <testcase name="testCompareResultsWin" class="App\BlackJackClass\BlackJackTest" classname="App.BlackJackClass.BlackJackTest" file="/home/sebbe/dbwebb-kurser/mvc/me/report/tests/BlackJack/BlackJackTest.php" line="104" assertions="1" time="0.001234"/>
        <testcase name="testCompareResultsDraw" class="App\BlackJackClass\BlackJackTest" classname="App.BlackJackClass.BlackJackTest" file="/home/sebbe/dbwebb-kurser/mvc/me/report/tests/BlackJack/BlackJackTest.php" line="115" assertions="1" time="0.001225"/>
        <testcase name="testCompareResultsDealerBust" class="App\BlackJackClass\BlackJackTest" classname="App.BlackJackClass.BlackJackTest" file="/home/sebbe/dbwebb-kurser/mvc/me/report/tests/BlackJack/BlackJackTest.php" line="125" assertions="1" time="0.001227"/>
        <testcase name="testCompareResultsPlayerLost" class="App\BlackJackClass\BlackJackTest" classname="App.BlackJackClass.BlackJackTest" file="/home/sebbe/dbwebb-kurser/mvc/me/report/tests/BlackJack/BlackJackTest.php" line="136" assertions="1" time="0.001225"/>
        <testcase name="testPlayerLoseWithLowerScore" class="App\BlackJackClass\BlackJackTest" classname="App.BlackJackClass.BlackJackTest" file="/home/sebbe/dbwebb-kurser/mvc/me/report/tests/BlackJack/BlackJackTest.php" line="147" assertions="1" time="0.001220"/>
        <testcase name="testCalculateScore" class="App\BlackJackClass\BlackJackTest" classname="App.BlackJackClass.BlackJackTest" file="/home/sebbe/dbwebb-kurser/mvc/me/report/tests/BlackJack/BlackJackTest.php" line="158" assertions="1" time="0.001430"/>
        <testcase name="testCalculateScoreWithExtraAce" class="App\BlackJackClass\BlackJackTest" classname="App.BlackJackClass.BlackJackTest" file="/home/sebbe/dbwebb-kurser/mvc/me/report/tests/BlackJack/BlackJackTest.php" line="164" assertions="1" time="0.001297"/>
        <testcase name="testCalculateScoreEmptyArray" class="App\BlackJackClass\BlackJackTest" classname="App.BlackJackClass.BlackJackTest" file="/home/sebbe/dbwebb-kurser/mvc/me/report/tests/BlackJack/BlackJackTest.php" line="170" assertions="1" time="0.001232"/>
        <testcase name="testPreCheckPlayerWin" class="App\BlackJackClass\BlackJackTest" classname="App.BlackJackClass.BlackJackTest" file="/home/sebbe/dbwebb-kurser/mvc/me/report/tests/BlackJack/BlackJackTest.php" line="176" assertions="1" time="0.001302"/>
        <testcase name="testPreCheckPlayerWinFalse" class="App\BlackJackClass\BlackJackTest" classname="App.BlackJackClass.BlackJackTest" file="/home/sebbe/dbwebb-kurser/mvc/me/report/tests/BlackJack/BlackJackTest.php" line="185" assertions="1" time="0.001219"/>
        <testcase name="testCheckIfAnyWon" class="App\BlackJackClass\BlackJackTest" classname="App.BlackJackClass.BlackJackTest" file="/home/sebbe/dbwebb-kurser/mvc/me/report/tests/BlackJack/BlackJackTest.php" line="194" assertions="1" time="0.001318"/>
        <testcase name="testCheckIfAnyWonFalse" class="App\BlackJackClass\BlackJackTest" classname="App.BlackJackClass.BlackJackTest" file="/home/sebbe/dbwebb-kurser/mvc/me/report/tests/BlackJack/BlackJackTest.php" line="203" assertions="1" time="0.001223"/>
      </testsuite>
      <testsuite name="App\DeckClass\DeckTest" file="/home/sebbe/dbwebb-kurser/mvc/me/report/tests/Deck/DeckTest.php" tests="4" assertions="4" errors="0" warnings="0" failures="0" skipped="0" time="0.004120">
        <testcase name="testCreateDeck" class="App\DeckClass\DeckTest" classname="App.DeckClass.DeckTest" file="/home/sebbe/dbwebb-kurser/mvc/me/report/tests/Deck/DeckTest.php" line="13" assertions="1" time="0.001138"/>
        <testcase name="testCreateDeckWithArray" class="App\DeckClass\DeckTest" classname="App.DeckClass.DeckTest" file="/home/sebbe/dbwebb-kurser/mvc/me/report/tests/Deck/DeckTest.php" line="18" assertions="1" time="0.000695"/>
        <testcase name="testGetDeck" class="App\DeckClass\DeckTest" classname="App.DeckClass.DeckTest" file="/home/sebbe/dbwebb-kurser/mvc/me/report/tests/Deck/DeckTest.php" line="24" assertions="1" time="0.001144"/>
        <testcase name="testSetDeck" class="App\DeckClass\DeckTest" classname="App.DeckClass.DeckTest" file="/home/sebbe/dbwebb-kurser/mvc/me/report/tests/Deck/DeckTest.php" line="30" assertions="1" time="0.001142"/>
      </testsuite>
      <testsuite name="App\Dice\DiceTest" file="/home/sebbe/dbwebb-kurser/mvc/me/report/tests/Dice/DiceTest.php" tests="1" assertions="2" errors="0" warnings="0" failures="0" skipped="0" time="0.062520">
        <testcase name="testCreateDice" class="App\Dice\DiceTest" classname="App.Dice.DiceTest" file="/home/sebbe/dbwebb-kurser/mvc/me/report/tests/Dice/DiceTest.php" line="16" assertions="2" time="0.062520"/>
      </testsuite>
    </testsuite>
  </testsuite>
</testsuites>
